Arguments: 
  /root/.nvm/versions/node/v10.16.3/bin/node /usr/bin/yarn add apollo-server-koa koa-router koa-bodyparser

PATH: 
  /root/.nvm/versions/node/v10.16.3/bin:/root/.rbenv/shims:/root/.rbenv/bin:/usr/local/sbin:/usr/local/bin:/usr/sbin:/usr/bin:/sbin:/bin:/usr/games:/usr/local/games:/mnt/c/Program Files (x86)/Intel/Intel(R) Management Engine Components/iCLS:/mnt/c/Program Files/Intel/Intel(R) Management Engine Components/iCLS:/mnt/c/Windows/System32:/mnt/c/Windows:/mnt/c/Windows/System32/wbem:/mnt/c/Windows/System32/WindowsPowerShell/v1.0:/mnt/c/Windows/System32/OpenSSH:/mnt/c/Program Files (x86)/Intel/Intel(R) Management Engine Components/DAL:/mnt/c/Program Files/Intel/Intel(R) Management Engine Components/DAL:/mnt/c/Program Files (x86)/Intel/Intel(R) Management Engine Components/IPT:/mnt/c/Program Files/Intel/Intel(R) Management Engine Components/IPT:/mnt/c/Program Files/Intel/WiFi/bin:/mnt/c/Program Files/Common Files/Intel/WirelessCommon:/mnt/c/Program Files/PuTTY:/mnt/c/Ruby25-x64/bin:/mnt/c/Users/chris/AppData/Local/Microsoft/WindowsApps:/mnt/c/Users/chris/AppData/Local/Programs/Microsoft VS Code/bin:/snap/bin

Yarn version: 
  1.12.3

Node version: 
  10.16.3

Platform: 
  linux x64

Trace: 
  SyntaxError: /mnt/c/Users/chris/code/lunch/packages/server/package.json: Unexpected token } in JSON at position 352
      at JSON.parse (<anonymous>)
      at /usr/lib/node_modules/yarn/lib/cli.js:1631:59
      at Generator.next (<anonymous>)
      at step (/usr/lib/node_modules/yarn/lib/cli.js:304:30)
      at /usr/lib/node_modules/yarn/lib/cli.js:315:13

npm manifest: 
  {
    "name": "server",
    "version": "1.0.0",
    "main": "index.js",
    "license": "MIT",
    "scripts": {
      "start": "tsc-watch --onSuccess 'node --inspect=0.0.0.0:5858 dist/index.js'",
      "prisma:deploy": "prisma deploy"
    },
    "dependencies": {
      "@types/koa": "^2.0.50",
      "koa": "^2.8.2",
      "tsc-watch": "^4.0.0",
      "typescript": "^3.6.3",
    }
  }

yarn manifest: 
  No manifest

Lockfile: 
  No lockfile
